<?xml version="1.0" encoding="UTF-8"?>
<testng-results ignored="0" total="2" passed="2" failed="0" skipped="0">
  <reporter-output>
  </reporter-output>
  <suite started-at="2022-06-11T12:58:19 IST" name="AllTest" finished-at="2022-06-11T12:59:07 IST" duration-ms="47779">
    <groups>
    </groups>
    <test started-at="2022-06-11T12:58:19 IST" name="NegativeUserName" finished-at="2022-06-11T12:58:32 IST" duration-ms="13300">
      <class name="com.herokuapp.theinternet.NegativeUserName">
        <test-method signature="inCorrectPass()[pri:0, instance:com.herokuapp.theinternet.NegativeUserName@32502377]" started-at="2022-06-11T12:58:19 IST" name="inCorrectPass" finished-at="2022-06-11T12:58:32 IST" duration-ms="13158" status="PASS">
          <reporter-output>
          </reporter-output>
        </test-method> <!-- inCorrectPass -->
      </class> <!-- com.herokuapp.theinternet.NegativeUserName -->
    </test> <!-- NegativeUserName -->
    <test started-at="2022-06-11T12:58:32 IST" name="Positivecase" finished-at="2022-06-11T12:59:07 IST" duration-ms="34420">
      <class name="com.herokuapp.theinternet.PositiveCase">
        <test-method signature="loginTest()[pri:0, instance:com.herokuapp.theinternet.PositiveCase@5677323c]" started-at="2022-06-11T12:58:32 IST" name="loginTest" finished-at="2022-06-11T12:59:07 IST" duration-ms="34416" status="PASS">
          <reporter-output>
          </reporter-output>
        </test-method> <!-- loginTest -->
      </class> <!-- com.herokuapp.theinternet.PositiveCase -->
    </test> <!-- Positivecase -->
  </suite> <!-- AllTest -->
</testng-results>
