<?xml version="1.0" encoding="UTF-8"?>
<!-- Generated by org.testng.reporters.JUnitXMLReporter -->
<testsuite ignored="1" hostname="LAPTOP-SAHP40V1" failures="0" tests="1" name="Positivecase" time="17.185" errors="0" timestamp="2022-06-11T17:11:00 IST">
  <testcase classname="com.herokuapp.theinternet.LoginTest" name="positiveLoginTest" time="11.412"/>
  <testcase classname="com.herokuapp.theinternet.LoginTest" name="negativeLoginTest" time="0.0">
    <ignored/>
  </testcase> <!-- negativeLoginTest -->
</testsuite> <!-- Positivecase -->
